This is pdfTeX, Version 3.141592653-2.6-1.40.25 (TeX Live 2023) (preloaded format=pdflatex 2023.8.13)  29 APR 2024 12:19
entering extended mode
 restricted \write18 enabled.
 file:line:error style messages enabled.
 %&-line parsing enabled.
**/home/ghostrid/programs/CausalAssignment/report/Causal_assignment_ParthGupte.tex
(/home/ghostrid/programs/CausalAssignment/report/Causal_assignment_ParthGupte.tex
LaTeX2e <2023-06-01> patch level 1
L3 programming layer <2023-08-11>
(/usr/local/texlive/2023/texmf-dist/tex/latex/base/article.cls
Document Class: article 2023/05/17 v1.4n Standard LaTeX document class
(/usr/local/texlive/2023/texmf-dist/tex/latex/base/size10.clo
File: size10.clo 2023/05/17 v1.4n Standard LaTeX file (size option)
)
\c@part=\count185
\c@section=\count186
\c@subsection=\count187
\c@subsubsection=\count188
\c@paragraph=\count189
\c@subparagraph=\count190
\c@figure=\count191
\c@table=\count192
\abovecaptionskip=\skip48
\belowcaptionskip=\skip49
\bibindent=\dimen140
) (/usr/local/texlive/2023/texmf-dist/tex/latex/graphics/graphicx.sty
Package: graphicx 2021/09/16 v1.2d Enhanced LaTeX Graphics (DPC,SPQR)
 (/usr/local/texlive/2023/texmf-dist/tex/latex/graphics/keyval.sty
Package: keyval 2022/05/29 v1.15 key=value parser (DPC)
\KV@toks@=\toks17
) (/usr/local/texlive/2023/texmf-dist/tex/latex/graphics/graphics.sty
Package: graphics 2022/03/10 v1.4e Standard LaTeX Graphics (DPC,SPQR)
 (/usr/local/texlive/2023/texmf-dist/tex/latex/graphics/trig.sty
Package: trig 2021/08/11 v1.11 sin cos tan (DPC)
) (/usr/local/texlive/2023/texmf-dist/tex/latex/graphics-cfg/graphics.cfg
File: graphics.cfg 2016/06/04 v1.11 sample graphics configuration
)
Package graphics Info: Driver file: pdftex.def on input line 107.
 (/usr/local/texlive/2023/texmf-dist/tex/latex/graphics-def/pdftex.def
File: pdftex.def 2022/09/22 v1.2b Graphics/color driver for pdftex
))
\Gin@req@height=\dimen141
\Gin@req@width=\dimen142
) (/usr/local/texlive/2023/texmf-dist/tex/latex/hyperref/hyperref.sty
Package: hyperref 2023-07-08 v7.01b Hypertext links for LaTeX
 (/usr/local/texlive/2023/texmf-dist/tex/generic/ltxcmds/ltxcmds.sty
Package: ltxcmds 2020-05-10 v1.25 LaTeX kernel commands for general use (HO)
) (/usr/local/texlive/2023/texmf-dist/tex/generic/iftex/iftex.sty
Package: iftex 2022/02/03 v1.0f TeX engine tests
) (/usr/local/texlive/2023/texmf-dist/tex/generic/pdftexcmds/pdftexcmds.sty
Package: pdftexcmds 2020-06-27 v0.33 Utility functions of pdfTeX for LuaTeX (HO)
 (/usr/local/texlive/2023/texmf-dist/tex/generic/infwarerr/infwarerr.sty
Package: infwarerr 2019/12/03 v1.5 Providing info/warning/error messages (HO)
)
Package pdftexcmds Info: \pdf@primitive is available.
Package pdftexcmds Info: \pdf@ifprimitive is available.
Package pdftexcmds Info: \pdfdraftmode found.
) (/usr/local/texlive/2023/texmf-dist/tex/latex/kvsetkeys/kvsetkeys.sty
Package: kvsetkeys 2022-10-05 v1.19 Key value parser (HO)
) (/usr/local/texlive/2023/texmf-dist/tex/generic/kvdefinekeys/kvdefinekeys.sty
Package: kvdefinekeys 2019-12-19 v1.6 Define keys (HO)
) (/usr/local/texlive/2023/texmf-dist/tex/generic/pdfescape/pdfescape.sty
Package: pdfescape 2019/12/09 v1.15 Implements pdfTeX's escape features (HO)
) (/usr/local/texlive/2023/texmf-dist/tex/latex/hycolor/hycolor.sty
Package: hycolor 2020-01-27 v1.10 Color options for hyperref/bookmark (HO)
) (/usr/local/texlive/2023/texmf-dist/tex/latex/letltxmacro/letltxmacro.sty
Package: letltxmacro 2019/12/03 v1.6 Let assignment for LaTeX macros (HO)
) (/usr/local/texlive/2023/texmf-dist/tex/latex/auxhook/auxhook.sty
Package: auxhook 2019-12-17 v1.6 Hooks for auxiliary files (HO)
) (/usr/local/texlive/2023/texmf-dist/tex/latex/hyperref/nameref.sty
Package: nameref 2023-08-07 v2.53 Cross-referencing by name of section
 (/usr/local/texlive/2023/texmf-dist/tex/latex/refcount/refcount.sty
Package: refcount 2019/12/15 v3.6 Data extraction from label references (HO)
) (/usr/local/texlive/2023/texmf-dist/tex/generic/gettitlestring/gettitlestring.sty
Package: gettitlestring 2019/12/15 v1.6 Cleanup title references (HO)
 (/usr/local/texlive/2023/texmf-dist/tex/latex/kvoptions/kvoptions.sty
Package: kvoptions 2022-06-15 v3.15 Key value format for package options (HO)
))
\c@section@level=\count193
) (/usr/local/texlive/2023/texmf-dist/tex/latex/etoolbox/etoolbox.sty
Package: etoolbox 2020/10/05 v2.5k e-TeX tools for LaTeX (JAW)
\etb@tempcnta=\count194
)
\@linkdim=\dimen143
\Hy@linkcounter=\count195
\Hy@pagecounter=\count196
 (/usr/local/texlive/2023/texmf-dist/tex/latex/hyperref/pd1enc.def
File: pd1enc.def 2023-07-08 v7.01b Hyperref: PDFDocEncoding definition (HO)
Now handling font encoding PD1 ...
... no UTF-8 mapping file for font encoding PD1
) (/usr/local/texlive/2023/texmf-dist/tex/generic/intcalc/intcalc.sty
Package: intcalc 2019/12/15 v1.3 Expandable calculations with integers (HO)
)
\Hy@SavedSpaceFactor=\count197
 (/usr/local/texlive/2023/texmf-dist/tex/latex/hyperref/puenc.def
File: puenc.def 2023-07-08 v7.01b Hyperref: PDF Unicode definition (HO)
Now handling font encoding PU ...
... no UTF-8 mapping file for font encoding PU
)
Package hyperref Info: Hyper figures OFF on input line 4167.
Package hyperref Info: Link nesting OFF on input line 4172.
Package hyperref Info: Hyper index ON on input line 4175.
Package hyperref Info: Plain pages OFF on input line 4182.
Package hyperref Info: Backreferencing OFF on input line 4187.
Package hyperref Info: Implicit mode ON; LaTeX internals redefined.
Package hyperref Info: Bookmarks ON on input line 4434.
\c@Hy@tempcnt=\count198
 (/usr/local/texlive/2023/texmf-dist/tex/latex/url/url.sty
\Urlmuskip=\muskip16
Package: url 2013/09/16  ver 3.4  Verb mode for urls, etc.
)
LaTeX Info: Redefining \url on input line 4772.
\XeTeXLinkMargin=\dimen144
 (/usr/local/texlive/2023/texmf-dist/tex/generic/bitset/bitset.sty
Package: bitset 2019/12/09 v1.3 Handle bit-vector datatype (HO)
 (/usr/local/texlive/2023/texmf-dist/tex/generic/bigintcalc/bigintcalc.sty
Package: bigintcalc 2019/12/15 v1.5 Expandable calculations on big integers (HO)
))
\Fld@menulength=\count199
\Field@Width=\dimen145
\Fld@charsize=\dimen146
Package hyperref Info: Hyper figures OFF on input line 6051.
Package hyperref Info: Link nesting OFF on input line 6056.
Package hyperref Info: Hyper index ON on input line 6059.
Package hyperref Info: backreferencing OFF on input line 6066.
Package hyperref Info: Link coloring OFF on input line 6071.
Package hyperref Info: Link coloring with OCG OFF on input line 6076.
Package hyperref Info: PDF/A mode OFF on input line 6081.
 (/usr/local/texlive/2023/texmf-dist/tex/latex/base/atbegshi-ltx.sty
Package: atbegshi-ltx 2021/01/10 v1.0c Emulation of the original atbegshi
package with kernel methods
)
\Hy@abspage=\count266
\c@Item=\count267
\c@Hfootnote=\count268
)
Package hyperref Info: Driver (autodetected): hpdftex.
 (/usr/local/texlive/2023/texmf-dist/tex/latex/hyperref/hpdftex.def
File: hpdftex.def 2023-07-08 v7.01b Hyperref driver for pdfTeX
 (/usr/local/texlive/2023/texmf-dist/tex/latex/base/atveryend-ltx.sty
Package: atveryend-ltx 2020/08/19 v1.0a Emulation of the original atveryend package
with kernel methods
)
\Fld@listcount=\count269
\c@bookmark@seq@number=\count270
 (/usr/local/texlive/2023/texmf-dist/tex/latex/rerunfilecheck/rerunfilecheck.sty
Package: rerunfilecheck 2022-07-10 v1.10 Rerun checks for auxiliary files (HO)
 (/usr/local/texlive/2023/texmf-dist/tex/generic/uniquecounter/uniquecounter.sty
Package: uniquecounter 2019/12/15 v1.4 Provide unlimited unique counter (HO)
)
Package uniquecounter Info: New unique counter `rerunfilecheck' on input line 285.
)
\Hy@SectionHShift=\skip50
)
Package hyperref Info: Option `colorlinks' set `true' on input line 11.
 (/usr/local/texlive/2023/texmf-dist/tex/latex/l3backend/l3backend-pdftex.def
File: l3backend-pdftex.def 2023-04-19 L3 backend support: PDF output (pdfTeX)
\l__color_backend_stack_int=\count271
\l__pdf_internal_box=\box51
) (./Causal_assignment_ParthGupte.aux)
\openout1 = `Causal_assignment_ParthGupte.aux'.

LaTeX Font Info:    Checking defaults for OML/cmm/m/it on input line 20.
LaTeX Font Info:    ... okay on input line 20.
LaTeX Font Info:    Checking defaults for OMS/cmsy/m/n on input line 20.
LaTeX Font Info:    ... okay on input line 20.
LaTeX Font Info:    Checking defaults for OT1/cmr/m/n on input line 20.
LaTeX Font Info:    ... okay on input line 20.
LaTeX Font Info:    Checking defaults for T1/cmr/m/n on input line 20.
LaTeX Font Info:    ... okay on input line 20.
LaTeX Font Info:    Checking defaults for TS1/cmr/m/n on input line 20.
LaTeX Font Info:    ... okay on input line 20.
LaTeX Font Info:    Checking defaults for OMX/cmex/m/n on input line 20.
LaTeX Font Info:    ... okay on input line 20.
LaTeX Font Info:    Checking defaults for U/cmr/m/n on input line 20.
LaTeX Font Info:    ... okay on input line 20.
LaTeX Font Info:    Checking defaults for PD1/pdf/m/n on input line 20.
LaTeX Font Info:    ... okay on input line 20.
LaTeX Font Info:    Checking defaults for PU/pdf/m/n on input line 20.
LaTeX Font Info:    ... okay on input line 20.
 (/usr/local/texlive/2023/texmf-dist/tex/context/base/mkii/supp-pdf.mkii
[Loading MPS to PDF converter (version 2006.09.02).]
\scratchcounter=\count272
\scratchdimen=\dimen147
\scratchbox=\box52
\nofMPsegments=\count273
\nofMParguments=\count274
\everyMPshowfont=\toks18
\MPscratchCnt=\count275
\MPscratchDim=\dimen148
\MPnumerator=\count276
\makeMPintoPDFobject=\count277
\everyMPtoPDFconversion=\toks19
) (/usr/local/texlive/2023/texmf-dist/tex/latex/epstopdf-pkg/epstopdf-base.sty
Package: epstopdf-base 2020-01-24 v2.11 Base part for package epstopdf
Package epstopdf-base Info: Redefining graphics rule for `.eps' on input line 485.
 (/usr/local/texlive/2023/texmf-dist/tex/latex/latexconfig/epstopdf-sys.cfg
File: epstopdf-sys.cfg 2010/07/13 v1.3 Configuration of (r)epstopdf for TeX Live
)) (/usr/local/texlive/2023/texmf-dist/tex/latex/graphics/color.sty
Package: color 2022/01/06 v1.3d Standard LaTeX Color (DPC)
 (/usr/local/texlive/2023/texmf-dist/tex/latex/graphics-cfg/color.cfg
File: color.cfg 2016/01/02 v1.6 sample color configuration
)
Package color Info: Driver file: pdftex.def on input line 149.
 (/usr/local/texlive/2023/texmf-dist/tex/latex/graphics/mathcolor.ltx))
Package hyperref Info: Link coloring ON on input line 20.
 (./Causal_assignment_ParthGupte.out) (./Causal_assignment_ParthGupte.out)
\@outlinefile=\write3
\openout3 = `Causal_assignment_ParthGupte.out'.

LaTeX Font Info:    External font `cmex10' loaded for size
(Font)              <12> on input line 23.
LaTeX Font Info:    External font `cmex10' loaded for size
(Font)              <8> on input line 23.
LaTeX Font Info:    External font `cmex10' loaded for size
(Font)              <6> on input line 23.
<../age_cts_hist_plot.png, id=44, 462.528pt x 346.896pt>
File: ../age_cts_hist_plot.png Graphic file (type png)
<use ../age_cts_hist_plot.png>
Package pdftex.def Info: ../age_cts_hist_plot.png  used on input line 34.
(pdftex.def)             Requested size: 426.79134pt x 320.11154pt.

Overfull \hbox (81.79134pt too wide) in paragraph at lines 34--35
 [][] 
 []

<../age2_cts_hist_plot.png, id=46, 462.528pt x 346.896pt>
File: ../age2_cts_hist_plot.png Graphic file (type png)
<use ../age2_cts_hist_plot.png>
Package pdftex.def Info: ../age2_cts_hist_plot.png  used on input line 39.
(pdftex.def)             Requested size: 426.79134pt x 320.11154pt.

Overfull \hbox (81.79134pt too wide) in paragraph at lines 39--40
 [][] 
 []

<../ed_cts_hist_plot.png, id=47, 462.528pt x 346.896pt>
File: ../ed_cts_hist_plot.png Graphic file (type png)
<use ../ed_cts_hist_plot.png>
Package pdftex.def Info: ../ed_cts_hist_plot.png  used on input line 45.
(pdftex.def)             Requested size: 426.79134pt x 320.11154pt.

Overfull \hbox (81.79134pt too wide) in paragraph at lines 45--46
 [][] 
 []

<../re74_cts_hist_plot.png, id=48, 462.528pt x 346.896pt>
File: ../re74_cts_hist_plot.png Graphic file (type png)
<use ../re74_cts_hist_plot.png>
Package pdftex.def Info: ../re74_cts_hist_plot.png  used on input line 50.
(pdftex.def)             Requested size: 426.79134pt x 320.11154pt.

Overfull \hbox (81.79134pt too wide) in paragraph at lines 50--51
 [][] 
 []

<../re75_cts_hist_plot.png, id=49, 462.528pt x 346.896pt>
File: ../re75_cts_hist_plot.png Graphic file (type png)
<use ../re75_cts_hist_plot.png>
Package pdftex.def Info: ../re75_cts_hist_plot.png  used on input line 55.
(pdftex.def)             Requested size: 426.79134pt x 320.11154pt.

Overfull \hbox (81.79134pt too wide) in paragraph at lines 55--56
 [][] 
 []

[1

{/usr/local/texlive/2023/texmf-var/fonts/map/pdftex/updmap/pdftex.map}] [2 <../age_cts_hist_plot.png>] [3 <../age2_cts_hist_plot.png>] [4 <../ed_cts_hist_plot.png>] [5 <../re74_cts_hist_plot.png>] [6 <../re75_cts_hist_plot.png>]
Underfull \hbox (badness 10000) in paragraph at lines 59--61

 []


Underfull \hbox (badness 10000) in paragraph at lines 63--66

 []


Overfull \hbox (106.49606pt too wide) in paragraph at lines 81--81
[]\OT1/cmtt/m/n/10 Column age has T-statistic value = 1.116614928783765 with p-value = 0.2647642688056856[] 
 []


Overfull \hbox (80.24629pt too wide) in paragraph at lines 81--81
[]\OT1/cmtt/m/n/10 Hence we cannot say that the distributions are diffrent with significance (<0.05)[] 
 []


Overfull \hbox (132.74583pt too wide) in paragraph at lines 81--81
[]\OT1/cmtt/m/n/10 Column re74 has T-statistic value = -0.022175136958298255 with p-value = 0.9823182350488567[] 
 []


Overfull \hbox (80.24629pt too wide) in paragraph at lines 81--81
[]\OT1/cmtt/m/n/10 Hence we cannot say that the distributions are diffrent with significance (<0.05)[] 
 []


Overfull \hbox (116.99597pt too wide) in paragraph at lines 81--81
[]\OT1/cmtt/m/n/10 Column re75 has T-statistic value = 0.8746214935780514 with p-value = 0.3822538041052975[] 
 []


Overfull \hbox (80.24629pt too wide) in paragraph at lines 81--81
[]\OT1/cmtt/m/n/10 Hence we cannot say that the distributions are diffrent with significance (<0.05)[] 
 []


Overfull \hbox (116.99597pt too wide) in paragraph at lines 81--81
[]\OT1/cmtt/m/n/10 Column age2 has T-statistic value = 0.9694696864328992 with p-value = 0.3328398944498051[] 
 []


Overfull \hbox (80.24629pt too wide) in paragraph at lines 81--81
[]\OT1/cmtt/m/n/10 Hence we cannot say that the distributions are diffrent with significance (<0.05)[] 
 []


Overfull \hbox (111.74602pt too wide) in paragraph at lines 81--81
[]\OT1/cmtt/m/n/10 Column ed has T-statistic value = 1.4958255190965968 with p-value = 0.13541116716943868[] 
 []


Overfull \hbox (80.24629pt too wide) in paragraph at lines 81--81
[]\OT1/cmtt/m/n/10 Hence we cannot say that the distributions are diffrent with significance (<0.05)[] 
 []


Underfull \hbox (badness 10000) in paragraph at lines 84--87

 []


Overfull \hbox (95.99615pt too wide) in paragraph at lines 99--99
[]\OT1/cmtt/m/n/10 Column black as chi-sq value = 0.10662384969179997 with p-value = 0.7440210684680046[] 
 []


Overfull \hbox (80.24629pt too wide) in paragraph at lines 99--99
[]\OT1/cmtt/m/n/10 Hence we cannot say that the distributions are diffrent with significance (<0.05)[] 
 []


Overfull \hbox (90.7462pt too wide) in paragraph at lines 99--99
[]\OT1/cmtt/m/n/10 Column hisp as chi-sq value = 2.5705628867929904 with p-value = 0.10886898726859187[] 
 []


Overfull \hbox (80.24629pt too wide) in paragraph at lines 99--99
[]\OT1/cmtt/m/n/10 Hence we cannot say that the distributions are diffrent with significance (<0.05)[] 
 []


Overfull \hbox (106.49606pt too wide) in paragraph at lines 99--99
[]\OT1/cmtt/m/n/10 Column married as chi-sq value = 0.7277914114738451 with p-value = 0.39360001605637096[] 
 []


Overfull \hbox (80.24629pt too wide) in paragraph at lines 99--99
[]\OT1/cmtt/m/n/10 Hence we cannot say that the distributions are diffrent with significance (<0.05)[] 
 []


Overfull \hbox (95.99615pt too wide) in paragraph at lines 99--99
[]\OT1/cmtt/m/n/10 Column nodeg as chi-sq value = 9.41953941767863 with p-value = 0.0021468543756801464[] 
 []

[7

]
Underfull \hbox (badness 10000) in paragraph at lines 103--107

 []


Underfull \hbox (badness 10000) in paragraph at lines 138--143

 []

[8

] [9]
<../treatmentvscontrol_common_base.png, id=99, 462.528pt x 346.896pt>
File: ../treatmentvscontrol_common_base.png Graphic file (type png)
<use ../treatmentvscontrol_common_base.png>
Package pdftex.def Info: ../treatmentvscontrol_common_base.png  used on input line 164.
(pdftex.def)             Requested size: 426.79134pt x 320.11154pt.

Overfull \hbox (81.79134pt too wide) in paragraph at lines 164--165
 [][] 
 []


Underfull \hbox (badness 10000) in paragraph at lines 167--169

 []

[10

 <../treatmentvscontrol_common_base.png>]
Underfull \hbox (badness 10000) in paragraph at lines 170--174

 []


Underfull \hbox (badness 10000) in paragraph at lines 183--185

 []


Underfull \hbox (badness 10000) in paragraph at lines 183--185

 []

LaTeX Font Info:    External font `cmex10' loaded for size
(Font)              <7> on input line 185.
LaTeX Font Info:    External font `cmex10' loaded for size
(Font)              <5> on input line 185.

Underfull \hbox (badness 10000) in paragraph at lines 189--190

 []

[11

]
Underfull \hbox (badness 10000) in paragraph at lines 233--234

 []

[12] (./Causal_assignment_ParthGupte.aux)
 ***********
LaTeX2e <2023-06-01> patch level 1
L3 programming layer <2023-08-11>
 ***********
Package rerunfilecheck Info: File `Causal_assignment_ParthGupte.out' has not changed.
(rerunfilecheck)             Checksum: FF2E45FCFDA336C46BEB8FCEC6178601;1639.
 ) 
Here is how much of TeX's memory you used:
 8502 strings out of 475189
 133803 string characters out of 5763838
 1930254 words of memory out of 5000000
 29686 multiletter control sequences out of 15000+600000
 562492 words of font info for 51 fonts, out of 8000000 for 9000
 1141 hyphenation exceptions out of 8191
 75i,7n,79p,368b,577s stack positions out of 10000i,1000n,20000p,200000b,200000s
</usr/local/texlive/2023/texmf-dist/fonts/type1/public/amsfonts/cm/cmbx10.pfb></usr/local/texlive/2023/texmf-dist/fonts/type1/public/amsfonts/cm/cmbx12.pfb></usr/local/texlive/2023/texmf-dist/fonts/type1/public/amsfonts/cm/cmmi10.pfb></usr/local/texlive/2023/texmf-dist/fonts/type1/public/amsfonts/cm/cmmi7.pfb></usr/local/texlive/2023/texmf-dist/fonts/type1/public/amsfonts/cm/cmr10.pfb></usr/local/texlive/2023/texmf-dist/fonts/type1/public/amsfonts/cm/cmr12.pfb></usr/local/texlive/2023/texmf-dist/fonts/type1/public/amsfonts/cm/cmr17.pfb></usr/local/texlive/2023/texmf-dist/fonts/type1/public/amsfonts/cm/cmr7.pfb></usr/local/texlive/2023/texmf-dist/fonts/type1/public/amsfonts/cm/cmsy10.pfb></usr/local/texlive/2023/texmf-dist/fonts/type1/public/amsfonts/cm/cmtt10.pfb>
Output written on Causal_assignment_ParthGupte.pdf (12 pages, 213705 bytes).
PDF statistics:
 176 PDF objects out of 1000 (max. 8388607)
 128 compressed objects within 2 object streams
 29 named destinations out of 1000 (max. 500000)
 111 words of extra memory for PDF output out of 10000 (max. 10000000)

